-------------------------------------------------------------------------------
Test set: adt.stack.StudentTestStack
-------------------------------------------------------------------------------
Tests run: 7, Failures: 0, Errors: 7, Skipped: 0, Time elapsed: 0.415 s <<< FAILURE! -- in adt.stack.StudentTestStack
adt.stack.StudentTestStack.testPop -- Time elapsed: 0.011 s <<< ERROR!
java.lang.NullPointerException: Cannot invoke "adt.stack.Stack.push(Object)" because "this.stack1" is null
	at adt.stack.StudentTestStack.setUp(StudentTestStack.java:22)
	at java.base/java.lang.reflect.Method.invoke(Method.java:580)
	at java.base/java.util.ArrayList.forEach(ArrayList.java:1597)
	at java.base/java.util.ArrayList.forEach(ArrayList.java:1597)

adt.stack.StudentTestStack.testTop -- Time elapsed: 0.003 s <<< ERROR!
java.lang.NullPointerException: Cannot invoke "adt.stack.Stack.push(Object)" because "this.stack1" is null
	at adt.stack.StudentTestStack.setUp(StudentTestStack.java:22)
	at java.base/java.lang.reflect.Method.invoke(Method.java:580)
	at java.base/java.util.ArrayList.forEach(ArrayList.java:1597)
	at java.base/java.util.ArrayList.forEach(ArrayList.java:1597)

adt.stack.StudentTestStack.testPush -- Time elapsed: 0.003 s <<< ERROR!
java.lang.NullPointerException: Cannot invoke "adt.stack.Stack.push(Object)" because "this.stack1" is null
	at adt.stack.StudentTestStack.setUp(StudentTestStack.java:22)
	at java.base/java.lang.reflect.Method.invoke(Method.java:580)
	at java.base/java.util.ArrayList.forEach(ArrayList.java:1597)
	at java.base/java.util.ArrayList.forEach(ArrayList.java:1597)

adt.stack.StudentTestStack.testPushComErro -- Time elapsed: 0.002 s <<< ERROR!
java.lang.NullPointerException: Cannot invoke "adt.stack.Stack.push(Object)" because "this.stack1" is null
	at adt.stack.StudentTestStack.setUp(StudentTestStack.java:22)
	at java.base/java.lang.reflect.Method.invoke(Method.java:580)
	at java.base/java.util.ArrayList.forEach(ArrayList.java:1597)
	at java.base/java.util.ArrayList.forEach(ArrayList.java:1597)

adt.stack.StudentTestStack.testPopComErro -- Time elapsed: 0.003 s <<< ERROR!
java.lang.NullPointerException: Cannot invoke "adt.stack.Stack.push(Object)" because "this.stack1" is null
	at adt.stack.StudentTestStack.setUp(StudentTestStack.java:22)
	at java.base/java.lang.reflect.Method.invoke(Method.java:580)
	at java.base/java.util.ArrayList.forEach(ArrayList.java:1597)
	at java.base/java.util.ArrayList.forEach(ArrayList.java:1597)

adt.stack.StudentTestStack.testIsFull -- Time elapsed: 0.003 s <<< ERROR!
java.lang.NullPointerException: Cannot invoke "adt.stack.Stack.push(Object)" because "this.stack1" is null
	at adt.stack.StudentTestStack.setUp(StudentTestStack.java:22)
	at java.base/java.lang.reflect.Method.invoke(Method.java:580)
	at java.base/java.util.ArrayList.forEach(ArrayList.java:1597)
	at java.base/java.util.ArrayList.forEach(ArrayList.java:1597)

adt.stack.StudentTestStack.testIsEmpty -- Time elapsed: 0.003 s <<< ERROR!
java.lang.NullPointerException: Cannot invoke "adt.stack.Stack.push(Object)" because "this.stack1" is null
	at adt.stack.StudentTestStack.setUp(StudentTestStack.java:22)
	at java.base/java.lang.reflect.Method.invoke(Method.java:580)
	at java.base/java.util.ArrayList.forEach(ArrayList.java:1597)
	at java.base/java.util.ArrayList.forEach(ArrayList.java:1597)

